<?xml version="1.0" encoding="UTF-8" ?>
<testsuite tests="6" failures="0" name="sf.ibu.eric.common.UtilTest" time="0.334" errors="0" skipped="0">
  <properties>
    <property name="java.runtime.name" value="Java(TM) SE Runtime Environment"/>
    <property name="sun.boot.library.path" value="D:\ProgramFiles\Java\jdk1.8.0_152\jre\bin"/>
    <property name="java.vm.version" value="25.152-b16"/>
    <property name="java.vm.vendor" value="Oracle Corporation"/>
    <property name="maven.multiModuleProjectDirectory" value="F:\project\APIHub\code\ibu-ades-core\NetFileSearch"/>
    <property name="java.vendor.url" value="http://java.oracle.com/"/>
    <property name="path.separator" value=";"/>
    <property name="guice.disable.misplaced.annotation.check" value="true"/>
    <property name="java.vm.name" value="Java HotSpot(TM) 64-Bit Server VM"/>
    <property name="file.encoding.pkg" value="sun.io"/>
    <property name="user.script" value=""/>
    <property name="user.country" value="CN"/>
    <property name="sun.java.launcher" value="SUN_STANDARD"/>
    <property name="sun.os.patch.level" value="Service Pack 1"/>
    <property name="java.vm.specification.name" value="Java Virtual Machine Specification"/>
    <property name="user.dir" value="F:\project\APIHub\code\ibu-ades-core\NetFileSearch"/>
    <property name="java.runtime.version" value="1.8.0_152-b16"/>
    <property name="java.awt.graphicsenv" value="sun.awt.Win32GraphicsEnvironment"/>
    <property name="java.endorsed.dirs" value="D:\ProgramFiles\Java\jdk1.8.0_152\jre\lib\endorsed"/>
    <property name="os.arch" value="amd64"/>
    <property name="java.io.tmpdir" value="C:\Users\01373525\AppData\Local\Temp\"/>
    <property name="line.separator" value="
"/>
    <property name="java.vm.specification.vendor" value="Oracle Corporation"/>
    <property name="user.variant" value=""/>
    <property name="os.name" value="Windows 7"/>
    <property name="classworlds.conf" value="D:\itapp\apache-maven-3.5.2\bin\..\bin\m2.conf"/>
    <property name="sun.jnu.encoding" value="GBK"/>
    <property name="java.library.path" value="D:\ProgramFiles\Java\jdk1.8.0_152\bin;C:\windows\Sun\Java\bin;C:\windows\system32;C:\windows;C:\Informatica\9.5.1\clients\DT\bin;C:\Informatica\9.5.1\clients\tools\datadirect;C:\Informatica\9.5.1\clients\tools\odbcdrv;C:\ProgramData\Oracle\Java\javapath;C:\windows\system32;C:\windows;C:\windows\System32\Wbem;C:\windows\System32\WindowsPowerShell\v1.0\;D:\Program Files\TortoiseSVN\bin;C:\Program Files (x86)\Bitvise SSH Client;D:\ProgramFiles\TortoiseGit\bin;C:\Program Files\nodejs\;C:\Program Files\MATLAB\R2018a\bin;C:\Users\01373525\bin\Sencha\Cmd;D:\itapp\mysql-5.7.21-winx64\bin;D:\itapp\gradle\bin;D:\ProgramFiles\Java\jdk1.8.0_152\bin;D:\itapp\apache-maven-3.5.2\bin;D:\ProgramFiles\Java\jdk1.8.0_152\db\bin;D:\user\01373525\Application Data\npm;D:\itapp\apache-ant-1.10.3\bin;D:\itapp\apache-cxf-3.2.5\bin;."/>
    <property name="maven.conf" value="D:\itapp\apache-maven-3.5.2\bin\../conf"/>
    <property name="java.specification.name" value="Java Platform API Specification"/>
    <property name="java.class.version" value="52.0"/>
    <property name="sun.management.compiler" value="HotSpot 64-Bit Tiered Compilers"/>
    <property name="os.version" value="6.1"/>
    <property name="library.jansi.path" value="D:\itapp\apache-maven-3.5.2\bin\..\lib\jansi-native"/>
    <property name="user.home" value="C:\Users\01373525"/>
    <property name="user.timezone" value="Asia/Shanghai"/>
    <property name="java.awt.printerjob" value="sun.awt.windows.WPrinterJob"/>
    <property name="java.specification.version" value="1.8"/>
    <property name="file.encoding" value="GBK"/>
    <property name="user.name" value="01373525"/>
    <property name="java.class.path" value="D:\itapp\apache-maven-3.5.2\bin\..\boot\plexus-classworlds-2.5.2.jar"/>
    <property name="java.vm.specification.version" value="1.8"/>
    <property name="sun.arch.data.model" value="64"/>
    <property name="java.home" value="D:\ProgramFiles\Java\jdk1.8.0_152\jre"/>
    <property name="sun.java.command" value="org.codehaus.plexus.classworlds.launcher.Launcher clean package deploy"/>
    <property name="java.specification.vendor" value="Oracle Corporation"/>
    <property name="user.language" value="zh"/>
    <property name="awt.toolkit" value="sun.awt.windows.WToolkit"/>
    <property name="java.vm.info" value="mixed mode"/>
    <property name="java.version" value="1.8.0_152"/>
    <property name="java.ext.dirs" value="D:\ProgramFiles\Java\jdk1.8.0_152\jre\lib\ext;C:\windows\Sun\Java\lib\ext"/>
    <property name="sun.boot.class.path" value="D:\ProgramFiles\Java\jdk1.8.0_152\jre\lib\resources.jar;D:\ProgramFiles\Java\jdk1.8.0_152\jre\lib\rt.jar;D:\ProgramFiles\Java\jdk1.8.0_152\jre\lib\sunrsasign.jar;D:\ProgramFiles\Java\jdk1.8.0_152\jre\lib\jsse.jar;D:\ProgramFiles\Java\jdk1.8.0_152\jre\lib\jce.jar;D:\ProgramFiles\Java\jdk1.8.0_152\jre\lib\charsets.jar;D:\ProgramFiles\Java\jdk1.8.0_152\jre\lib\jfr.jar;D:\ProgramFiles\Java\jdk1.8.0_152\jre\classes"/>
    <property name="sun.stderr.encoding" value="ms936"/>
    <property name="java.vendor" value="Oracle Corporation"/>
    <property name="maven.home" value="D:\itapp\apache-maven-3.5.2\bin\.."/>
    <property name="file.separator" value="\"/>
    <property name="java.vendor.url.bug" value="http://bugreport.sun.com/bugreport/"/>
    <property name="sun.cpu.endian" value="little"/>
    <property name="sun.io.unicode.encoding" value="UnicodeLittle"/>
    <property name="sun.stdout.encoding" value="ms936"/>
    <property name="sun.desktop" value="windows"/>
    <property name="sun.cpu.isalist" value="amd64"/>
  </properties>
  <testcase classname="sf.ibu.eric.common.UtilTest" name="test_decodeEncode" time="0.316"/>
  <testcase classname="sf.ibu.eric.common.UtilTest" name="test_str2DateTime" time="0.011"/>
  <testcase classname="sf.ibu.eric.common.UtilTest" name="test_FixedMovingQueue" time="0"/>
  <testcase classname="sf.ibu.eric.common.UtilTest" name="test_UTC" time="0.001"/>
  <testcase classname="sf.ibu.eric.common.UtilTest" name="test_file2String" time="0"/>
  <testcase classname="sf.ibu.eric.common.UtilTest" name="test_UTCDate" time="0.006"/>
</testsuite>